Arguments: 
  /home/onemedia/.asdf/installs/nodejs/17.1.0/bin/node /home/onemedia/.yarn/bin/yarn.js add express bycript

PATH: 
  /home/onemedia/.asdf/plugins/nodejs/shims:/home/onemedia/.asdf/installs/nodejs/17.1.0/.npm/bin:/home/onemedia/.asdf/installs/nodejs/17.1.0/bin:/home/onemedia/.yarn/bin:/home/onemedia/.config/yarn/global/node_modules/.bin:/home/onemedia/.asdf/shims:/home/onemedia/.asdf/bin:/home/onemedia/.yarn/bin:/home/onemedia/.config/yarn/global/node_modules/.bin:/usr/local/sbin:/usr/local/bin:/usr/sbin:/usr/bin:/sbin:/bin:/usr/games:/usr/local/games:/snap/bin

Yarn version: 
  1.22.18

Node version: 
  17.1.0

Platform: 
  linux x64

Trace: 
  Error: https://registry.yarnpkg.com/bycript: Not found
      at Request.params.callback [as _callback] (/home/onemedia/.yarn/lib/cli.js:66138:18)
      at Request.self.callback (/home/onemedia/.yarn/lib/cli.js:140883:22)
      at Request.emit (node:events:390:28)
      at Request.<anonymous> (/home/onemedia/.yarn/lib/cli.js:141855:10)
      at Request.emit (node:events:390:28)
      at IncomingMessage.<anonymous> (/home/onemedia/.yarn/lib/cli.js:141777:12)
      at Object.onceWrapper (node:events:509:28)
      at IncomingMessage.emit (node:events:402:35)
      at endReadableNT (node:internal/streams/readable:1340:12)
      at processTicksAndRejections (node:internal/process/task_queues:83:21)

npm manifest: 
  {
    "name": "nodejs-auth-app",
    "version": "1.0.0",
    "main": "index.js",
    "repository": "git@github.com:nairo-mudumane/nodejs-auth-app.git",
    "author": "nairo-mudumane <nairomudumane@outlook.com>",
    "license": "MIT"
  }

yarn manifest: 
  No manifest

Lockfile: 
  No lockfile
